{"contracts\\MerkleTree.sol":{"l":{"14":1,"15":1},"path":"D:\\web3_proj\\tokens\\MyContracts\\contracts\\MerkleTree.sol","s":{"1":1,"2":1},"b":{},"f":{"1":1},"fnMap":{"1":{"name":"treeCheck","line":13,"loc":{"start":{"line":13,"column":4},"end":{"line":16,"column":4}}}},"statementMap":{"1":{"start":{"line":14,"column":8},"end":{"line":14,"column":57}},"2":{"start":{"line":15,"column":8},"end":{"line":15,"column":64}}},"branchMap":{}},"contracts\\MyToken.sol":{"l":{"10":6},"path":"D:\\web3_proj\\tokens\\MyContracts\\contracts\\MyToken.sol","s":{"1":6},"b":{},"f":{"1":6},"fnMap":{"1":{"name":"constructor","line":9,"loc":{"start":{"line":9,"column":4},"end":{"line":11,"column":4}}}},"statementMap":{"1":{"start":{"line":10,"column":8},"end":{"line":10,"column":41}}},"branchMap":{}},"contracts\\OracleETH.sol":{"l":{"13":0,"17":0,"18":0},"path":"D:\\web3_proj\\tokens\\MyContracts\\contracts\\OracleETH.sol","s":{"1":0,"2":0,"3":0},"b":{},"f":{"1":0,"2":0},"fnMap":{"1":{"name":"constructor","line":12,"loc":{"start":{"line":12,"column":4},"end":{"line":14,"column":4}}},"2":{"name":"getLatestPrice","line":16,"loc":{"start":{"line":16,"column":4},"end":{"line":19,"column":4}}}},"statementMap":{"1":{"start":{"line":13,"column":8},"end":{"line":13,"column":84}},"2":{"start":{"line":17,"column":8},"end":{"line":17,"column":53}},"3":{"start":{"line":18,"column":8},"end":{"line":18,"column":26}}},"branchMap":{}},"contracts\\TicTacToe.sol":{"l":{"18":0,"19":0,"23":1,"24":1,"25":1,"29":0,"38":0,"40":0,"41":0,"43":0,"44":0,"46":0,"47":0,"48":0,"52":0,"53":0,"54":0,"57":0,"65":0,"66":0,"67":0,"79":0,"81":0,"82":0,"85":0},"path":"D:\\web3_proj\\tokens\\MyContracts\\contracts\\TicTacToe.sol","s":{"1":0,"2":1,"3":1,"4":1,"5":0,"6":0,"7":0,"8":0,"9":0,"10":0,"11":0,"12":0,"13":0,"14":0,"15":0,"16":0,"17":0,"18":0,"19":0,"20":0,"21":0,"22":0,"23":0,"24":0,"25":0,"26":0,"27":0,"28":0},"b":{"1":[0,0],"2":[1,0],"3":[0,0],"4":[0,0],"5":[0,0],"6":[0,0],"7":[0,0],"8":[0,0],"9":[0,0]},"f":{"1":0,"2":1,"3":0,"4":0,"5":0,"6":0},"fnMap":{"1":{"name":"gameActive","line":17,"loc":{"start":{"line":17,"column":4},"end":{"line":20,"column":4}}},"2":{"name":"startGame","line":22,"loc":{"start":{"line":22,"column":4},"end":{"line":26,"column":4}}},"3":{"name":"joinGame","line":28,"loc":{"start":{"line":28,"column":4},"end":{"line":30,"column":4}}},"4":{"name":"makeMove","line":37,"loc":{"start":{"line":37,"column":4},"end":{"line":59,"column":4}}},"5":{"name":"validateMove","line":64,"loc":{"start":{"line":64,"column":4},"end":{"line":68,"column":4}}},"6":{"name":"checkWinner","line":77,"loc":{"start":{"line":77,"column":4},"end":{"line":86,"column":4}}}},"statementMap":{"1":{"start":{"line":18,"column":8},"end":{"line":18,"column":58}},"2":{"start":{"line":23,"column":8},"end":{"line":23,"column":80}},"3":{"start":{"line":24,"column":8},"end":{"line":24,"column":27}},"4":{"start":{"line":25,"column":8},"end":{"line":25,"column":25}},"5":{"start":{"line":29,"column":8},"end":{"line":29,"column":27}},"6":{"start":{"line":38,"column":8},"end":{"line":38,"column":1554}},"7":{"start":{"line":40,"column":12},"end":{"line":40,"column":30}},"8":{"start":{"line":43,"column":8},"end":{"line":43,"column":59}},"9":{"start":{"line":43,"column":47},"end":{"line":43,"column":59}},"10":{"start":{"line":44,"column":8},"end":{"line":44,"column":1741}},"11":{"start":{"line":46,"column":12},"end":{"line":46,"column":32}},"12":{"start":{"line":47,"column":12},"end":{"line":47,"column":19}},"13":{"start":{"line":48,"column":12},"end":{"line":48,"column":23}},"14":{"start":{"line":50,"column":13},"end":{"line":50,"column":1901}},"15":{"start":{"line":52,"column":12},"end":{"line":52,"column":32}},"16":{"start":{"line":53,"column":12},"end":{"line":53,"column":19}},"17":{"start":{"line":54,"column":12},"end":{"line":54,"column":23}},"18":{"start":{"line":57,"column":12},"end":{"line":57,"column":24}},"19":{"start":{"line":65,"column":8},"end":{"line":65,"column":47}},"20":{"start":{"line":65,"column":35},"end":{"line":65,"column":47}},"21":{"start":{"line":66,"column":8},"end":{"line":66,"column":42}},"22":{"start":{"line":66,"column":30},"end":{"line":66,"column":42}},"23":{"start":{"line":67,"column":8},"end":{"line":67,"column":19}},"24":{"start":{"line":79,"column":8},"end":{"line":79,"column":2915}},"25":{"start":{"line":81,"column":12},"end":{"line":81,"column":45}},"26":{"start":{"line":82,"column":12},"end":{"line":82,"column":119}},"27":{"start":{"line":82,"column":108},"end":{"line":82,"column":119}},"28":{"start":{"line":85,"column":8},"end":{"line":85,"column":20}}},"branchMap":{"1":{"line":18,"type":"if","locations":[{"start":{"line":18,"column":8},"end":{"line":18,"column":8}},{"start":{"line":18,"column":8},"end":{"line":18,"column":8}}]},"2":{"line":23,"type":"if","locations":[{"start":{"line":23,"column":8},"end":{"line":23,"column":8}},{"start":{"line":23,"column":8},"end":{"line":23,"column":8}}]},"3":{"line":38,"type":"if","locations":[{"start":{"line":38,"column":8},"end":{"line":38,"column":8}},{"start":{"line":38,"column":8},"end":{"line":38,"column":8}}]},"4":{"line":43,"type":"if","locations":[{"start":{"line":43,"column":8},"end":{"line":43,"column":8}},{"start":{"line":43,"column":8},"end":{"line":43,"column":8}}]},"5":{"line":44,"type":"if","locations":[{"start":{"line":44,"column":8},"end":{"line":44,"column":8}},{"start":{"line":44,"column":8},"end":{"line":44,"column":8}}]},"6":{"line":50,"type":"if","locations":[{"start":{"line":50,"column":13},"end":{"line":50,"column":13}},{"start":{"line":50,"column":13},"end":{"line":50,"column":13}}]},"7":{"line":65,"type":"if","locations":[{"start":{"line":65,"column":8},"end":{"line":65,"column":8}},{"start":{"line":65,"column":8},"end":{"line":65,"column":8}}]},"8":{"line":66,"type":"if","locations":[{"start":{"line":66,"column":8},"end":{"line":66,"column":8}},{"start":{"line":66,"column":8},"end":{"line":66,"column":8}}]},"9":{"line":82,"type":"if","locations":[{"start":{"line":82,"column":12},"end":{"line":82,"column":12}},{"start":{"line":82,"column":12},"end":{"line":82,"column":12}}]}}}}