{
"contracts\\MyToken.sol":{"l":{"10":6},"path":"D:\\web3_proj\\tokens\\MyContracts\\contracts\\MyToken.sol","s":{"1":6},"b":{},"f":{"1":6},"fnMap":{"1":{"name":"constructor","line":9,"loc":{"start":{"line":9,"column":4},"end":{"line":11,"column":4}}}},"statementMap":{"1":{"start":{"line":10,"column":8},"end":{"line":10,"column":41}}},"branchMap":{}},
"contracts\\OracleETH.sol":{"l":{"13":0,"17":0,"18":0},"path":"D:\\web3_proj\\tokens\\MyContracts\\contracts\\OracleETH.sol","s":{"1":0,"2":0,"3":0},"b":{},"f":{"1":0,"2":0},"fnMap":{"1":{"name":"constructor","line":12,"loc":{"start":{"line":12,"column":4},"end":{"line":14,"column":4}}},"2":{"name":"getLatestPrice","line":16,"loc":{"start":{"line":16,"column":4},"end":{"line":19,"column":4}}}},"statementMap":{"1":{"start":{"line":13,"column":8},"end":{"line":13,"column":84}},"2":{"start":{"line":17,"column":8},"end":{"line":17,"column":53}},"3":{"start":{"line":18,"column":8},"end":{"line":18,"column":26}}},"branchMap":{}}}
