TN:
SF:D:\web3_proj\tokens\MyContracts\contracts\MerkleTree.sol
FN:13,treeCheck
FNF:1
FNH:1
FNDA:1,treeCheck
DA:14,1
DA:15,1
LF:2
LH:2
BRF:0
BRH:0
end_of_record
TN:
SF:D:\web3_proj\tokens\MyContracts\contracts\MyToken.sol
FN:9,constructor
FNF:1
FNH:1
FNDA:6,constructor
DA:10,6
LF:1
LH:1
BRF:0
BRH:0
end_of_record
TN:
SF:D:\web3_proj\tokens\MyContracts\contracts\OracleETH.sol
FN:12,constructor
FN:16,getLatestPrice
FNF:2
FNH:0
FNDA:0,constructor
FNDA:0,getLatestPrice
DA:13,0
DA:17,0
DA:18,0
LF:3
LH:0
BRF:0
BRH:0
end_of_record
TN:
SF:D:\web3_proj\tokens\MyContracts\contracts\TicTacToe.sol
FN:17,gameActive
FN:22,startGame
FN:28,joinGame
FN:37,makeMove
FN:64,validateMove
FN:77,checkWinner
FNF:6
FNH:6
FNDA:2,gameActive
FNDA:3,startGame
FNDA:1,joinGame
FNDA:1,makeMove
FNDA:1,validateMove
FNDA:1,checkWinner
DA:18,2
DA:19,2
DA:23,3
DA:24,3
DA:25,3
DA:29,1
DA:38,1
DA:40,0
DA:41,0
DA:43,1
DA:44,1
DA:46,1
DA:47,1
DA:48,1
DA:52,0
DA:53,0
DA:54,0
DA:57,0
DA:65,1
DA:66,1
DA:67,1
DA:79,1
DA:81,8
DA:82,8
DA:85,1
LF:25
LH:19
BRDA:18,1,0,2
BRDA:18,1,1,0
BRDA:23,2,0,3
BRDA:23,2,1,0
BRDA:38,3,0,0
BRDA:38,3,1,1
BRDA:43,4,0,0
BRDA:43,4,1,1
BRDA:44,5,0,1
BRDA:44,5,1,0
BRDA:50,6,0,0
BRDA:50,6,1,0
BRDA:65,7,0,0
BRDA:65,7,1,1
BRDA:66,8,0,0
BRDA:66,8,1,1
BRDA:82,9,0,0
BRDA:82,9,1,8
BRF:18
BRH:8
end_of_record
